Diagnose log at 2025-05-27T18:19:29Z

AppPath: C:\Program Files\Git\mingw64\bin\git-credential-manager.exe
InstallDir: C:\Program Files\Git\mingw64\bin\
Version: 2.6.1+786ab03440ddc82e807a97c0e540f5247e44cec6

------------
Diagnostic: Environment
Skipped: False
Success: True
Exception: None
Log:
OSType: Windows
OSVersion: 10.0 (build 19045)
Reading environment variables... OK
 Variables:
HOMEPATH=\Users\Haris
DriverData=C:\Windows\System32\Drivers\DriverData
COMPUTERNAME=DESKTOP-U3E903K
GIT_TRACE2_PARENT_SID=f11578c4-7e71-4678-a8a7-612f660326a3
CommonProgramFiles(x86)=C:\Program Files (x86)\Common Files
ProgramW6432=C:\Program Files
OneDrive=C:\Users\Haris\OneDrive
ChocolateyLastPathUpdate=133916174176170730
TMP=C:\Users\Haris\AppData\Local\Temp
HOME=C:\Users\Haris
PROCESSOR_REVISION=7100
USERDOMAIN=DESKTOP-U3E903K
PATHEXT=.COM;.EXE;.BAT;.CMD;.VBS;.VBE;.JS;.JSE;.WSF;.WSH;.MSC
GIT_EXEC_PATH=C:/Program Files/Git/mingw64/libexec/git-core
TEMP=C:\Users\Haris\AppData\Local\Temp
LOCALAPPDATA=C:\Users\Haris\AppData\Local
MSYSTEM=MINGW64
TERM=xterm-256color
COLORTERM=truecolor
OculusBase=C:\Program Files\Oculus\
ProgramFiles(x86)=C:\Program Files (x86)
Path=C:/Program Files/Git/mingw64/libexec/git-core;C:\Program Files\Git\mingw64\bin;C:\Program Files\Git\usr\bin;C:\Users\Haris\bin;C:\Program Files\Oculus\Support\oculus-runtime;C:\Windows\system32;C:\Windows;C:\Windows\System32\Wbem;C:\Windows\System32\WindowsPowerShell\v1.0\;C:\Windows\System32\OpenSSH\;C:\Program Files (x86)\NVIDIA Corporation\PhysX\Common;C:\Users\Haris\AppData\Local\Programs\Python\Python313;C:\Users\Haris\AppData\Local\Programs\Python\Python313\Scripts;C:\Program Files\dotnet\;C:\Program Files\MATLAB\R2024b\bin;C:\Program Files\Microsoft SQL Server\150\Tools\Binn\;C:\Program Files\Microsoft SQL Server\Client SDK\ODBC\170\Tools\Binn\;C:\Program Files (x86)\Windows Kits\10\Windows Performance Toolkit\;C:\Program Files\CMake\bin;C:\Program Files\Docker\Docker\resources\bin;C:\Program Files\nodejs\;C:\ProgramData\chocolatey\bin;C:\Program Files\Git\cmd;C:\Users\Haris\AppData\Local\Programs\Python\Python310\Scripts\;C:\Users\Haris\AppData\Local\Programs\Python\Python310\;C:\Users\Haris\.cargo\bin;C:\Users\Haris\AppData\Local\Programs\Python\Launcher\;C:\Users\Haris\AppData\Local\Microsoft\WindowsApps;C:\Users\Haris\AppData\Local\Programs\Microsoft VS Code\bin;C:\msys64\ucrt64\bin;C:\Users\Haris\.dotnet\tools;C:\Users\Haris\AppData\Roaming\npm
PROCESSOR_LEVEL=23
PROCESSOR_IDENTIFIER=AMD64 Family 23 Model 113 Stepping 0, AuthenticAMD
TMPDIR=C:\Users\Haris\AppData\Local\Temp
PROMPT=$P$G
PSModulePath=C:\Program Files\WindowsPowerShell\Modules;C:\Windows\system32\WindowsPowerShell\v1.0\Modules
PUBLIC=C:\Users\Public
NUMBER_OF_PROCESSORS=12
CommonProgramFiles=C:\Program Files (x86)\Common Files
PLINK_PROTOCOL=ssh
ProgramData=C:\ProgramData
ProgramFiles=C:\Program Files (x86)
ChocolateyInstall=C:\ProgramData\chocolatey
SystemRoot=C:\Windows
SESSIONNAME=Console
LC_CTYPE=C.UTF-8
CommonProgramW6432=C:\Program Files\Common Files
LOGONSERVER=\\DESKTOP-U3E903K
USERPROFILE=C:\Users\Haris
USERDOMAIN_ROAMINGPROFILE=DESKTOP-U3E903K
APPDATA=C:\Users\Haris\AppData\Roaming
HOMEDRIVE=C:
USERNAME=Haris
PROCESSOR_ARCHITEW6432=AMD64
PROCESSOR_ARCHITECTURE=x86
OS=Windows_NT
ComSpec=C:\Windows\system32\cmd.exe
SystemDrive=C:
windir=C:\Windows
ALLUSERSPROFILE=C:\ProgramData


------------
Diagnostic: File system
Skipped: False
Success: True
Exception: None
Log:
Temporary directory is 'C:\Users\Haris\AppData\Local\Temp\'...
Checking basic file I/O...
Writing to temporary file 'C:\Users\Haris\AppData\Local\Temp\c01e410ebe905b66d23b374f'... OK
Reading from temporary file 'C:\Users\Haris\AppData\Local\Temp\c01e410ebe905b66d23b374f'... OK
Deleting temporary file 'C:\Users\Haris\AppData\Local\Temp\c01e410ebe905b66d23b374f'... OK
Testing IFileSystem instance...
UserHomePath: C:\Users\Haris
UserDataDirectoryPath: C:\Users\Haris\.gcm
GetCurrentDirectory(): C:\Users\Haris\Desktop\Advanced Software Engineering\OpenLicenceWebSearch

------------
Diagnostic: Networking
Skipped: False
Success: True
Exception: None
Log:
Checking networking and HTTP stack...
Creating HTTP client... OK
IsNetworkAvailable: True
Sending HEAD request to http://example.com...Sending HEAD request to https://example.com... OK
 OK
Acquiring free TCP port... OK
Testing local HTTP loopback connections...
Creating new HTTP listener for http://localhost:65196/... OK
Waiting for loopback connection... OK
Writing response... OK
Waiting for response data... OK
Loopback connection data OK

------------
Diagnostic: Git
Skipped: False
Success: True
Exception: None
Log:
Getting Git version... OK
Git version is '2.49.0.windows.1'
Locating current repository...Git repository at 'C:/Users/Haris/Desktop/Advanced Software Engineering/OpenLicenceWebSearch/.git'
 OK
Listing all Git configuration... OK
Git configuration:
file:C:/Program Files/Git/etc/gitconfig	diff.astextplain.textconv=astextplain
file:C:/Program Files/Git/etc/gitconfig	filter.lfs.clean=git-lfs clean -- %f
file:C:/Program Files/Git/etc/gitconfig	filter.lfs.smudge=git-lfs smudge -- %f
file:C:/Program Files/Git/etc/gitconfig	filter.lfs.process=git-lfs filter-process
file:C:/Program Files/Git/etc/gitconfig	filter.lfs.required=true
file:C:/Program Files/Git/etc/gitconfig	http.sslbackend=schannel
file:C:/Program Files/Git/etc/gitconfig	core.autocrlf=true
file:C:/Program Files/Git/etc/gitconfig	core.fscache=true
file:C:/Program Files/Git/etc/gitconfig	core.symlinks=false
file:C:/Program Files/Git/etc/gitconfig	pull.rebase=false
file:C:/Program Files/Git/etc/gitconfig	credential.helper=manager
file:C:/Program Files/Git/etc/gitconfig	credential.https://dev.azure.com.usehttppath=true
file:C:/Program Files/Git/etc/gitconfig	init.defaultbranch=master
file:C:/Users/Haris/.gitconfig	core.editor="C:\Users\Haris\AppData\Local\Programs\Microsoft VS Code\bin\code" --wait
file:C:/Users/Haris/.gitconfig	user.name=Haris
file:C:/Users/Haris/.gitconfig	user.email=harisyasir117@gmail.com
file:.git/config	core.repositoryformatversion=0
file:.git/config	core.filemode=false
file:.git/config	core.bare=false
file:.git/config	core.logallrefupdates=true
file:.git/config	core.symlinks=false
file:.git/config	core.ignorecase=true
file:.git/config	remote.origin.url=https://github.com/OfficiallyHaris/OpenLicenceWebSearch.git
file:.git/config	remote.origin.fetch=+refs/heads/*:refs/remotes/origin/*


------------
Diagnostic: Credential storage
Skipped: False
Success: True
Exception: None
Log:
ICredentialStore instance is of type: CredentialStore
Writing test credential... OK
Reading test credential... OK
Deleting test credential... OK

------------
Diagnostic: Microsoft authentication (AAD/MSA)
Skipped: False
Success: True
Exception: None
Log:
Broker is not enabled.
Flow type is: Auto
Gathering MSAL token cache data... OK
CacheDirectory: C:\Users\Haris\AppData\Local\.IdentityService
CacheFileName: msal.cache
CacheFilePath: C:\Users\Haris\AppData\Local\.IdentityService\msal.cache
Creating cache helper... OK
Verifying MSAL token cache persistence... OK

------------
Diagnostic: GitHub API
Skipped: False
Success: True
Exception: None
Log:
Using 'https://github.com/' as API target.
Querying '/meta' endpoint... OK

